<?xml version="1.0" encoding="UTF-8"?>
<testng-results skipped="1" failed="0" total="1" passed="0">
  <reporter-output>
  </reporter-output>
  <suite name="Default suite" duration-ms="20" started-at="2015-06-23T12:46:19Z" finished-at="2015-06-23T12:46:19Z">
    <groups>
    </groups>
    <test name="Default test" duration-ms="20" started-at="2015-06-23T12:46:19Z" finished-at="2015-06-23T12:46:19Z">
      <class name="Parallel">
        <test-method status="FAIL" signature="setup(java.lang.String)[pri:0, instance:Parallel@bc2f47]" name="setup" is-config="true" duration-ms="0" started-at="2015-06-23T18:16:19Z" finished-at="2015-06-23T18:16:19Z">
          <exception class="org.testng.TestNGException">
            <message>
              <![CDATA[
Parameter 'BROWSER' is required by @Configuration on method setup but has not been marked @Optional or defined
in C:\Users\senishetty\AppData\Local\Temp\testng-eclipse--936221742\testng-customsuite.xml]]>
            </message>
            <full-stacktrace>
              <![CDATA[org.testng.TestNGException: 
Parameter 'BROWSER' is required by @Configuration on method setup but has not been marked @Optional or defined
in C:\Users\senishetty\AppData\Local\Temp\testng-eclipse--936221742\testng-customsuite.xml
	at org.testng.internal.Parameters.createParameters(Parameters.java:155)
	at org.testng.internal.Parameters.createParameters(Parameters.java:358)
	at org.testng.internal.Parameters.createConfigurationParameters(Parameters.java:86)
	at org.testng.internal.Invoker.invokeConfigurations(Invoker.java:199)
	at org.testng.internal.Invoker.invokeConfigurations(Invoker.java:138)
	at org.testng.TestRunner.beforeRun(TestRunner.java:641)
	at org.testng.TestRunner.run(TestRunner.java:609)
	at org.testng.SuiteRunner.runTest(SuiteRunner.java:334)
	at org.testng.SuiteRunner.runSequentially(SuiteRunner.java:329)
	at org.testng.SuiteRunner.privateRun(SuiteRunner.java:291)
	at org.testng.SuiteRunner.run(SuiteRunner.java:240)
	at org.testng.SuiteRunnerWorker.runSuite(SuiteRunnerWorker.java:52)
	at org.testng.SuiteRunnerWorker.run(SuiteRunnerWorker.java:86)
	at org.testng.TestNG.runSuitesSequentially(TestNG.java:1224)
	at org.testng.TestNG.runSuitesLocally(TestNG.java:1149)
	at org.testng.TestNG.run(TestNG.java:1057)
	at org.testng.remote.RemoteTestNG.run(RemoteTestNG.java:111)
	at org.testng.remote.RemoteTestNG.initAndRun(RemoteTestNG.java:204)
	at org.testng.remote.RemoteTestNG.main(RemoteTestNG.java:175)
]]>
            </full-stacktrace>
          </exception> <!-- org.testng.TestNGException -->
          <reporter-output>
          </reporter-output>
        </test-method> <!-- setup -->
        <test-method status="SKIP" signature="testParallel()[pri:0, instance:Parallel@bc2f47]" name="testParallel" duration-ms="10" started-at="2015-06-23T18:16:19Z" finished-at="2015-06-23T18:16:19Z">
          <reporter-output>
          </reporter-output>
        </test-method> <!-- testParallel -->
      </class> <!-- Parallel -->
    </test> <!-- Default test -->
  </suite> <!-- Default suite -->
</testng-results>
